ERROR - 2022-12-15 02:03:22 --> mysqli_sql_exception: Can't create table `simtang`.`tugasakhir` (errno: 150 "Foreign key constraint is incorrectly formed") in C:\xampp\htdocs\simtang\system\Database\MySQLi\Connection.php:292
Stack trace:
#0 C:\xampp\htdocs\simtang\system\Database\MySQLi\Connection.php(292): mysqli->query('CREATE TABLE `t...', 0)
#1 C:\xampp\htdocs\simtang\system\Database\BaseConnection.php(666): CodeIgniter\Database\MySQLi\Connection->execute('CREATE TABLE `t...')
#2 C:\xampp\htdocs\simtang\system\Database\BaseConnection.php(593): CodeIgniter\Database\BaseConnection->simpleQuery('CREATE TABLE `t...')
#3 C:\xampp\htdocs\simtang\system\Database\Forge.php(509): CodeIgniter\Database\BaseConnection->query('CREATE TABLE `t...')
#4 C:\xampp\htdocs\simtang\app\Database\Migrations\2022-12-15-073105_TugasAkhir.php(40): CodeIgniter\Database\Forge->createTable('tugasakhir', true)
#5 C:\xampp\htdocs\simtang\system\Database\MigrationRunner.php(868): App\Database\Migrations\TugasAkhir->up()
#6 C:\xampp\htdocs\simtang\system\Database\MigrationRunner.php(187): CodeIgniter\Database\MigrationRunner->migrate('up', Object(stdClass))
#7 C:\xampp\htdocs\simtang\system\Commands\Database\Migrate.php(84): CodeIgniter\Database\MigrationRunner->latest(NULL)
#8 C:\xampp\htdocs\simtang\system\CLI\Commands.php(63): CodeIgniter\Commands\Database\Migrate->run(Array)
#9 C:\xampp\htdocs\simtang\system\CLI\CommandRunner.php(65): CodeIgniter\CLI\Commands->run('migrate', Array)
#10 C:\xampp\htdocs\simtang\system\CLI\CommandRunner.php(51): CodeIgniter\CLI\CommandRunner->index(Array)
#11 C:\xampp\htdocs\simtang\system\CodeIgniter.php(920): CodeIgniter\CLI\CommandRunner->_remap('index', Array)
#12 C:\xampp\htdocs\simtang\system\CodeIgniter.php(482): CodeIgniter\CodeIgniter->runController(Object(CodeIgniter\CLI\CommandRunner))
#13 C:\xampp\htdocs\simtang\system\CodeIgniter.php(347): CodeIgniter\CodeIgniter->handleRequest(NULL, Object(Config\Cache), false)
#14 C:\xampp\htdocs\simtang\system\CLI\Console.php(48): CodeIgniter\CodeIgniter->run()
#15 C:\xampp\htdocs\simtang\spark(98): CodeIgniter\CLI\Console->run()
#16 {main}
ERROR - 2022-12-15 02:04:49 --> mysqli_sql_exception: Can't create table `simtang`.`tugasakhir` (errno: 150 "Foreign key constraint is incorrectly formed") in C:\xampp\htdocs\simtang\system\Database\MySQLi\Connection.php:292
Stack trace:
#0 C:\xampp\htdocs\simtang\system\Database\MySQLi\Connection.php(292): mysqli->query('CREATE TABLE `t...', 0)
#1 C:\xampp\htdocs\simtang\system\Database\BaseConnection.php(666): CodeIgniter\Database\MySQLi\Connection->execute('CREATE TABLE `t...')
#2 C:\xampp\htdocs\simtang\system\Database\BaseConnection.php(593): CodeIgniter\Database\BaseConnection->simpleQuery('CREATE TABLE `t...')
#3 C:\xampp\htdocs\simtang\system\Database\Forge.php(509): CodeIgniter\Database\BaseConnection->query('CREATE TABLE `t...')
#4 C:\xampp\htdocs\simtang\app\Database\Migrations\2022-12-15-073105_TugasAkhir.php(40): CodeIgniter\Database\Forge->createTable('tugasakhir', true)
#5 C:\xampp\htdocs\simtang\system\Database\MigrationRunner.php(868): App\Database\Migrations\TugasAkhir->up()
#6 C:\xampp\htdocs\simtang\system\Database\MigrationRunner.php(187): CodeIgniter\Database\MigrationRunner->migrate('up', Object(stdClass))
#7 C:\xampp\htdocs\simtang\system\Commands\Database\Migrate.php(84): CodeIgniter\Database\MigrationRunner->latest(NULL)
#8 C:\xampp\htdocs\simtang\system\CLI\Commands.php(63): CodeIgniter\Commands\Database\Migrate->run(Array)
#9 C:\xampp\htdocs\simtang\system\CLI\CommandRunner.php(65): CodeIgniter\CLI\Commands->run('migrate', Array)
#10 C:\xampp\htdocs\simtang\system\CLI\CommandRunner.php(51): CodeIgniter\CLI\CommandRunner->index(Array)
#11 C:\xampp\htdocs\simtang\system\CodeIgniter.php(920): CodeIgniter\CLI\CommandRunner->_remap('index', Array)
#12 C:\xampp\htdocs\simtang\system\CodeIgniter.php(482): CodeIgniter\CodeIgniter->runController(Object(CodeIgniter\CLI\CommandRunner))
#13 C:\xampp\htdocs\simtang\system\CodeIgniter.php(347): CodeIgniter\CodeIgniter->handleRequest(NULL, Object(Config\Cache), false)
#14 C:\xampp\htdocs\simtang\system\CLI\Console.php(48): CodeIgniter\CodeIgniter->run()
#15 C:\xampp\htdocs\simtang\spark(98): CodeIgniter\CLI\Console->run()
#16 {main}
ERROR - 2022-12-15 02:06:56 --> mysqli_sql_exception: Can't create table `simtang`.`tugasakhir` (errno: 150 "Foreign key constraint is incorrectly formed") in C:\xampp\htdocs\simtang\system\Database\MySQLi\Connection.php:292
Stack trace:
#0 C:\xampp\htdocs\simtang\system\Database\MySQLi\Connection.php(292): mysqli->query('CREATE TABLE `t...', 0)
#1 C:\xampp\htdocs\simtang\system\Database\BaseConnection.php(666): CodeIgniter\Database\MySQLi\Connection->execute('CREATE TABLE `t...')
#2 C:\xampp\htdocs\simtang\system\Database\BaseConnection.php(593): CodeIgniter\Database\BaseConnection->simpleQuery('CREATE TABLE `t...')
#3 C:\xampp\htdocs\simtang\system\Database\Forge.php(509): CodeIgniter\Database\BaseConnection->query('CREATE TABLE `t...')
#4 C:\xampp\htdocs\simtang\app\Database\Migrations\2022-12-15-073105_TugasAkhir.php(40): CodeIgniter\Database\Forge->createTable('tugasakhir', true)
#5 C:\xampp\htdocs\simtang\system\Database\MigrationRunner.php(868): App\Database\Migrations\TugasAkhir->up()
#6 C:\xampp\htdocs\simtang\system\Database\MigrationRunner.php(187): CodeIgniter\Database\MigrationRunner->migrate('up', Object(stdClass))
#7 C:\xampp\htdocs\simtang\system\Commands\Database\Migrate.php(84): CodeIgniter\Database\MigrationRunner->latest(NULL)
#8 C:\xampp\htdocs\simtang\system\CLI\Commands.php(63): CodeIgniter\Commands\Database\Migrate->run(Array)
#9 C:\xampp\htdocs\simtang\system\CLI\CommandRunner.php(65): CodeIgniter\CLI\Commands->run('migrate', Array)
#10 C:\xampp\htdocs\simtang\system\CLI\CommandRunner.php(51): CodeIgniter\CLI\CommandRunner->index(Array)
#11 C:\xampp\htdocs\simtang\system\CodeIgniter.php(920): CodeIgniter\CLI\CommandRunner->_remap('index', Array)
#12 C:\xampp\htdocs\simtang\system\CodeIgniter.php(482): CodeIgniter\CodeIgniter->runController(Object(CodeIgniter\CLI\CommandRunner))
#13 C:\xampp\htdocs\simtang\system\CodeIgniter.php(347): CodeIgniter\CodeIgniter->handleRequest(NULL, Object(Config\Cache), false)
#14 C:\xampp\htdocs\simtang\system\CLI\Console.php(48): CodeIgniter\CodeIgniter->run()
#15 C:\xampp\htdocs\simtang\spark(98): CodeIgniter\CLI\Console->run()
#16 {main}
ERROR - 2022-12-15 02:08:21 --> mysqli_sql_exception: Can't create table `simtang`.`tugasakhir` (errno: 150 "Foreign key constraint is incorrectly formed") in C:\xampp\htdocs\simtang\system\Database\MySQLi\Connection.php:292
Stack trace:
#0 C:\xampp\htdocs\simtang\system\Database\MySQLi\Connection.php(292): mysqli->query('CREATE TABLE `t...', 0)
#1 C:\xampp\htdocs\simtang\system\Database\BaseConnection.php(666): CodeIgniter\Database\MySQLi\Connection->execute('CREATE TABLE `t...')
#2 C:\xampp\htdocs\simtang\system\Database\BaseConnection.php(593): CodeIgniter\Database\BaseConnection->simpleQuery('CREATE TABLE `t...')
#3 C:\xampp\htdocs\simtang\system\Database\Forge.php(509): CodeIgniter\Database\BaseConnection->query('CREATE TABLE `t...')
#4 C:\xampp\htdocs\simtang\app\Database\Migrations\2022-12-15-073105_TugasAkhir.php(41): CodeIgniter\Database\Forge->createTable('tugasakhir', true)
#5 C:\xampp\htdocs\simtang\system\Database\MigrationRunner.php(868): App\Database\Migrations\TugasAkhir->up()
#6 C:\xampp\htdocs\simtang\system\Database\MigrationRunner.php(187): CodeIgniter\Database\MigrationRunner->migrate('up', Object(stdClass))
#7 C:\xampp\htdocs\simtang\system\Commands\Database\Migrate.php(84): CodeIgniter\Database\MigrationRunner->latest(NULL)
#8 C:\xampp\htdocs\simtang\system\CLI\Commands.php(63): CodeIgniter\Commands\Database\Migrate->run(Array)
#9 C:\xampp\htdocs\simtang\system\CLI\CommandRunner.php(65): CodeIgniter\CLI\Commands->run('migrate', Array)
#10 C:\xampp\htdocs\simtang\system\CLI\CommandRunner.php(51): CodeIgniter\CLI\CommandRunner->index(Array)
#11 C:\xampp\htdocs\simtang\system\CodeIgniter.php(920): CodeIgniter\CLI\CommandRunner->_remap('index', Array)
#12 C:\xampp\htdocs\simtang\system\CodeIgniter.php(482): CodeIgniter\CodeIgniter->runController(Object(CodeIgniter\CLI\CommandRunner))
#13 C:\xampp\htdocs\simtang\system\CodeIgniter.php(347): CodeIgniter\CodeIgniter->handleRequest(NULL, Object(Config\Cache), false)
#14 C:\xampp\htdocs\simtang\system\CLI\Console.php(48): CodeIgniter\CodeIgniter->run()
#15 C:\xampp\htdocs\simtang\spark(98): CodeIgniter\CLI\Console->run()
#16 {main}
ERROR - 2022-12-15 02:10:03 --> mysqli_sql_exception: Can't create table `simtang`.`tugasakhir` (errno: 150 "Foreign key constraint is incorrectly formed") in C:\xampp\htdocs\simtang\system\Database\MySQLi\Connection.php:292
Stack trace:
#0 C:\xampp\htdocs\simtang\system\Database\MySQLi\Connection.php(292): mysqli->query('CREATE TABLE `t...', 0)
#1 C:\xampp\htdocs\simtang\system\Database\BaseConnection.php(666): CodeIgniter\Database\MySQLi\Connection->execute('CREATE TABLE `t...')
#2 C:\xampp\htdocs\simtang\system\Database\BaseConnection.php(593): CodeIgniter\Database\BaseConnection->simpleQuery('CREATE TABLE `t...')
#3 C:\xampp\htdocs\simtang\system\Database\Forge.php(509): CodeIgniter\Database\BaseConnection->query('CREATE TABLE `t...')
#4 C:\xampp\htdocs\simtang\app\Database\Migrations\2022-12-15-073105_TugasAkhir.php(41): CodeIgniter\Database\Forge->createTable('tugasakhir', true)
#5 C:\xampp\htdocs\simtang\system\Database\MigrationRunner.php(868): App\Database\Migrations\TugasAkhir->up()
#6 C:\xampp\htdocs\simtang\system\Database\MigrationRunner.php(187): CodeIgniter\Database\MigrationRunner->migrate('up', Object(stdClass))
#7 C:\xampp\htdocs\simtang\system\Commands\Database\Migrate.php(84): CodeIgniter\Database\MigrationRunner->latest(NULL)
#8 C:\xampp\htdocs\simtang\system\CLI\Commands.php(63): CodeIgniter\Commands\Database\Migrate->run(Array)
#9 C:\xampp\htdocs\simtang\system\CLI\CommandRunner.php(65): CodeIgniter\CLI\Commands->run('migrate', Array)
#10 C:\xampp\htdocs\simtang\system\CLI\CommandRunner.php(51): CodeIgniter\CLI\CommandRunner->index(Array)
#11 C:\xampp\htdocs\simtang\system\CodeIgniter.php(920): CodeIgniter\CLI\CommandRunner->_remap('index', Array)
#12 C:\xampp\htdocs\simtang\system\CodeIgniter.php(482): CodeIgniter\CodeIgniter->runController(Object(CodeIgniter\CLI\CommandRunner))
#13 C:\xampp\htdocs\simtang\system\CodeIgniter.php(347): CodeIgniter\CodeIgniter->handleRequest(NULL, Object(Config\Cache), false)
#14 C:\xampp\htdocs\simtang\system\CLI\Console.php(48): CodeIgniter\CodeIgniter->run()
#15 C:\xampp\htdocs\simtang\spark(98): CodeIgniter\CLI\Console->run()
#16 {main}
ERROR - 2022-12-15 02:12:05 --> mysqli_sql_exception: Can't create table `simtang`.`tugasakhir` (errno: 150 "Foreign key constraint is incorrectly formed") in C:\xampp\htdocs\simtang\system\Database\MySQLi\Connection.php:292
Stack trace:
#0 C:\xampp\htdocs\simtang\system\Database\MySQLi\Connection.php(292): mysqli->query('CREATE TABLE `t...', 0)
#1 C:\xampp\htdocs\simtang\system\Database\BaseConnection.php(666): CodeIgniter\Database\MySQLi\Connection->execute('CREATE TABLE `t...')
#2 C:\xampp\htdocs\simtang\system\Database\BaseConnection.php(593): CodeIgniter\Database\BaseConnection->simpleQuery('CREATE TABLE `t...')
#3 C:\xampp\htdocs\simtang\system\Database\Forge.php(509): CodeIgniter\Database\BaseConnection->query('CREATE TABLE `t...')
#4 C:\xampp\htdocs\simtang\app\Database\Migrations\2022-12-15-073105_TugasAkhir.php(43): CodeIgniter\Database\Forge->createTable('tugasakhir', true)
#5 C:\xampp\htdocs\simtang\system\Database\MigrationRunner.php(868): App\Database\Migrations\TugasAkhir->up()
#6 C:\xampp\htdocs\simtang\system\Database\MigrationRunner.php(187): CodeIgniter\Database\MigrationRunner->migrate('up', Object(stdClass))
#7 C:\xampp\htdocs\simtang\system\Commands\Database\Migrate.php(84): CodeIgniter\Database\MigrationRunner->latest(NULL)
#8 C:\xampp\htdocs\simtang\system\CLI\Commands.php(63): CodeIgniter\Commands\Database\Migrate->run(Array)
#9 C:\xampp\htdocs\simtang\system\CLI\CommandRunner.php(65): CodeIgniter\CLI\Commands->run('migrate', Array)
#10 C:\xampp\htdocs\simtang\system\CLI\CommandRunner.php(51): CodeIgniter\CLI\CommandRunner->index(Array)
#11 C:\xampp\htdocs\simtang\system\CodeIgniter.php(920): CodeIgniter\CLI\CommandRunner->_remap('index', Array)
#12 C:\xampp\htdocs\simtang\system\CodeIgniter.php(482): CodeIgniter\CodeIgniter->runController(Object(CodeIgniter\CLI\CommandRunner))
#13 C:\xampp\htdocs\simtang\system\CodeIgniter.php(347): CodeIgniter\CodeIgniter->handleRequest(NULL, Object(Config\Cache), false)
#14 C:\xampp\htdocs\simtang\system\CLI\Console.php(48): CodeIgniter\CodeIgniter->run()
#15 C:\xampp\htdocs\simtang\spark(98): CodeIgniter\CLI\Console->run()
#16 {main}
ERROR - 2022-12-15 02:13:32 --> mysqli_sql_exception: Can't create table `simtang`.`tugasakhir` (errno: 150 "Foreign key constraint is incorrectly formed") in C:\xampp\htdocs\simtang\system\Database\MySQLi\Connection.php:292
Stack trace:
#0 C:\xampp\htdocs\simtang\system\Database\MySQLi\Connection.php(292): mysqli->query('CREATE TABLE `t...', 0)
#1 C:\xampp\htdocs\simtang\system\Database\BaseConnection.php(666): CodeIgniter\Database\MySQLi\Connection->execute('CREATE TABLE `t...')
#2 C:\xampp\htdocs\simtang\system\Database\BaseConnection.php(593): CodeIgniter\Database\BaseConnection->simpleQuery('CREATE TABLE `t...')
#3 C:\xampp\htdocs\simtang\system\Database\Forge.php(509): CodeIgniter\Database\BaseConnection->query('CREATE TABLE `t...')
#4 C:\xampp\htdocs\simtang\app\Database\Migrations\2022-12-15-073105_TugasAkhir.php(43): CodeIgniter\Database\Forge->createTable('tugasakhir')
#5 C:\xampp\htdocs\simtang\system\Database\MigrationRunner.php(868): App\Database\Migrations\TugasAkhir->up()
#6 C:\xampp\htdocs\simtang\system\Database\MigrationRunner.php(187): CodeIgniter\Database\MigrationRunner->migrate('up', Object(stdClass))
#7 C:\xampp\htdocs\simtang\system\Commands\Database\Migrate.php(84): CodeIgniter\Database\MigrationRunner->latest(NULL)
#8 C:\xampp\htdocs\simtang\system\CLI\Commands.php(63): CodeIgniter\Commands\Database\Migrate->run(Array)
#9 C:\xampp\htdocs\simtang\system\CLI\CommandRunner.php(65): CodeIgniter\CLI\Commands->run('migrate', Array)
#10 C:\xampp\htdocs\simtang\system\CLI\CommandRunner.php(51): CodeIgniter\CLI\CommandRunner->index(Array)
#11 C:\xampp\htdocs\simtang\system\CodeIgniter.php(920): CodeIgniter\CLI\CommandRunner->_remap('index', Array)
#12 C:\xampp\htdocs\simtang\system\CodeIgniter.php(482): CodeIgniter\CodeIgniter->runController(Object(CodeIgniter\CLI\CommandRunner))
#13 C:\xampp\htdocs\simtang\system\CodeIgniter.php(347): CodeIgniter\CodeIgniter->handleRequest(NULL, Object(Config\Cache), false)
#14 C:\xampp\htdocs\simtang\system\CLI\Console.php(48): CodeIgniter\CodeIgniter->run()
#15 C:\xampp\htdocs\simtang\spark(98): CodeIgniter\CLI\Console->run()
#16 {main}
ERROR - 2022-12-15 02:20:20 --> mysqli_sql_exception: Duplicate column name 'nip' in C:\xampp\htdocs\simtang\system\Database\MySQLi\Connection.php:292
Stack trace:
#0 C:\xampp\htdocs\simtang\system\Database\MySQLi\Connection.php(292): mysqli->query('CREATE TABLE `d...', 0)
#1 C:\xampp\htdocs\simtang\system\Database\BaseConnection.php(666): CodeIgniter\Database\MySQLi\Connection->execute('CREATE TABLE `d...')
#2 C:\xampp\htdocs\simtang\system\Database\BaseConnection.php(593): CodeIgniter\Database\BaseConnection->simpleQuery('CREATE TABLE `d...')
#3 C:\xampp\htdocs\simtang\system\Database\Forge.php(509): CodeIgniter\Database\BaseConnection->query('CREATE TABLE `d...')
#4 C:\xampp\htdocs\simtang\app\Database\Migrations\2022-12-14-221158_Dosen.php(41): CodeIgniter\Database\Forge->createTable('dosen', true)
#5 C:\xampp\htdocs\simtang\system\Database\MigrationRunner.php(868): App\Database\Migrations\Dosen->up()
#6 C:\xampp\htdocs\simtang\system\Database\MigrationRunner.php(187): CodeIgniter\Database\MigrationRunner->migrate('up', Object(stdClass))
#7 C:\xampp\htdocs\simtang\system\Commands\Database\Migrate.php(84): CodeIgniter\Database\MigrationRunner->latest(NULL)
#8 C:\xampp\htdocs\simtang\system\CLI\Commands.php(63): CodeIgniter\Commands\Database\Migrate->run(Array)
#9 C:\xampp\htdocs\simtang\system\CLI\CommandRunner.php(65): CodeIgniter\CLI\Commands->run('migrate', Array)
#10 C:\xampp\htdocs\simtang\system\CLI\CommandRunner.php(51): CodeIgniter\CLI\CommandRunner->index(Array)
#11 C:\xampp\htdocs\simtang\system\CodeIgniter.php(920): CodeIgniter\CLI\CommandRunner->_remap('index', Array)
#12 C:\xampp\htdocs\simtang\system\CodeIgniter.php(482): CodeIgniter\CodeIgniter->runController(Object(CodeIgniter\CLI\CommandRunner))
#13 C:\xampp\htdocs\simtang\system\CodeIgniter.php(347): CodeIgniter\CodeIgniter->handleRequest(NULL, Object(Config\Cache), false)
#14 C:\xampp\htdocs\simtang\system\CLI\Console.php(48): CodeIgniter\CodeIgniter->run()
#15 C:\xampp\htdocs\simtang\spark(98): CodeIgniter\CLI\Console->run()
#16 {main}
ERROR - 2022-12-15 04:55:44 --> mysqli_sql_exception: Duplicate column name 'nip' in C:\xampp\htdocs\simtang\system\Database\MySQLi\Connection.php:292
Stack trace:
#0 C:\xampp\htdocs\simtang\system\Database\MySQLi\Connection.php(292): mysqli->query('CREATE TABLE `d...', 0)
#1 C:\xampp\htdocs\simtang\system\Database\BaseConnection.php(666): CodeIgniter\Database\MySQLi\Connection->execute('CREATE TABLE `d...')
#2 C:\xampp\htdocs\simtang\system\Database\BaseConnection.php(593): CodeIgniter\Database\BaseConnection->simpleQuery('CREATE TABLE `d...')
#3 C:\xampp\htdocs\simtang\system\Database\Forge.php(509): CodeIgniter\Database\BaseConnection->query('CREATE TABLE `d...')
#4 C:\xampp\htdocs\simtang\app\Database\Migrations\2022-12-14-221158_Dosen.php(41): CodeIgniter\Database\Forge->createTable('dosen', true)
#5 C:\xampp\htdocs\simtang\system\Database\MigrationRunner.php(868): App\Database\Migrations\Dosen->up()
#6 C:\xampp\htdocs\simtang\system\Database\MigrationRunner.php(187): CodeIgniter\Database\MigrationRunner->migrate('up', Object(stdClass))
#7 C:\xampp\htdocs\simtang\system\Commands\Database\Migrate.php(84): CodeIgniter\Database\MigrationRunner->latest(NULL)
#8 C:\xampp\htdocs\simtang\system\CLI\Commands.php(63): CodeIgniter\Commands\Database\Migrate->run(Array)
#9 C:\xampp\htdocs\simtang\system\CLI\CommandRunner.php(65): CodeIgniter\CLI\Commands->run('migrate', Array)
#10 C:\xampp\htdocs\simtang\system\CLI\CommandRunner.php(51): CodeIgniter\CLI\CommandRunner->index(Array)
#11 C:\xampp\htdocs\simtang\system\CodeIgniter.php(920): CodeIgniter\CLI\CommandRunner->_remap('index', Array)
#12 C:\xampp\htdocs\simtang\system\CodeIgniter.php(482): CodeIgniter\CodeIgniter->runController(Object(CodeIgniter\CLI\CommandRunner))
#13 C:\xampp\htdocs\simtang\system\CodeIgniter.php(347): CodeIgniter\CodeIgniter->handleRequest(NULL, Object(Config\Cache), false)
#14 C:\xampp\htdocs\simtang\system\CLI\Console.php(48): CodeIgniter\CodeIgniter->run()
#15 C:\xampp\htdocs\simtang\spark(98): CodeIgniter\CLI\Console->run()
#16 {main}
ERROR - 2022-12-15 04:57:16 --> mysqli_sql_exception: Duplicate column name 'nip' in C:\xampp\htdocs\simtang\system\Database\MySQLi\Connection.php:292
Stack trace:
#0 C:\xampp\htdocs\simtang\system\Database\MySQLi\Connection.php(292): mysqli->query('CREATE TABLE `d...', 0)
#1 C:\xampp\htdocs\simtang\system\Database\BaseConnection.php(666): CodeIgniter\Database\MySQLi\Connection->execute('CREATE TABLE `d...')
#2 C:\xampp\htdocs\simtang\system\Database\BaseConnection.php(593): CodeIgniter\Database\BaseConnection->simpleQuery('CREATE TABLE `d...')
#3 C:\xampp\htdocs\simtang\system\Database\Forge.php(509): CodeIgniter\Database\BaseConnection->query('CREATE TABLE `d...')
#4 C:\xampp\htdocs\simtang\app\Database\Migrations\2022-12-14-221158_Dosen.php(41): CodeIgniter\Database\Forge->createTable('dosen', true)
#5 C:\xampp\htdocs\simtang\system\Database\MigrationRunner.php(868): App\Database\Migrations\Dosen->up()
#6 C:\xampp\htdocs\simtang\system\Database\MigrationRunner.php(187): CodeIgniter\Database\MigrationRunner->migrate('up', Object(stdClass))
#7 C:\xampp\htdocs\simtang\system\Commands\Database\Migrate.php(84): CodeIgniter\Database\MigrationRunner->latest(NULL)
#8 C:\xampp\htdocs\simtang\system\CLI\Commands.php(63): CodeIgniter\Commands\Database\Migrate->run(Array)
#9 C:\xampp\htdocs\simtang\system\CLI\CommandRunner.php(65): CodeIgniter\CLI\Commands->run('migrate', Array)
#10 C:\xampp\htdocs\simtang\system\CLI\CommandRunner.php(51): CodeIgniter\CLI\CommandRunner->index(Array)
#11 C:\xampp\htdocs\simtang\system\CodeIgniter.php(920): CodeIgniter\CLI\CommandRunner->_remap('index', Array)
#12 C:\xampp\htdocs\simtang\system\CodeIgniter.php(482): CodeIgniter\CodeIgniter->runController(Object(CodeIgniter\CLI\CommandRunner))
#13 C:\xampp\htdocs\simtang\system\CodeIgniter.php(347): CodeIgniter\CodeIgniter->handleRequest(NULL, Object(Config\Cache), false)
#14 C:\xampp\htdocs\simtang\system\CLI\Console.php(48): CodeIgniter\CodeIgniter->run()
#15 C:\xampp\htdocs\simtang\spark(98): CodeIgniter\CLI\Console->run()
#16 {main}
ERROR - 2022-12-15 05:15:03 --> mysqli_sql_exception: Duplicate column name 'nip' in C:\xampp\htdocs\simtang\system\Database\MySQLi\Connection.php:292
Stack trace:
#0 C:\xampp\htdocs\simtang\system\Database\MySQLi\Connection.php(292): mysqli->query('CREATE TABLE `d...', 0)
#1 C:\xampp\htdocs\simtang\system\Database\BaseConnection.php(666): CodeIgniter\Database\MySQLi\Connection->execute('CREATE TABLE `d...')
#2 C:\xampp\htdocs\simtang\system\Database\BaseConnection.php(593): CodeIgniter\Database\BaseConnection->simpleQuery('CREATE TABLE `d...')
#3 C:\xampp\htdocs\simtang\system\Database\Forge.php(509): CodeIgniter\Database\BaseConnection->query('CREATE TABLE `d...')
#4 C:\xampp\htdocs\simtang\app\Database\Migrations\2022-12-14-221158_Dosen.php(41): CodeIgniter\Database\Forge->createTable('dosen', true)
#5 C:\xampp\htdocs\simtang\system\Database\MigrationRunner.php(868): App\Database\Migrations\Dosen->up()
#6 C:\xampp\htdocs\simtang\system\Database\MigrationRunner.php(187): CodeIgniter\Database\MigrationRunner->migrate('up', Object(stdClass))
#7 C:\xampp\htdocs\simtang\system\Commands\Database\Migrate.php(84): CodeIgniter\Database\MigrationRunner->latest(NULL)
#8 C:\xampp\htdocs\simtang\system\CLI\Commands.php(63): CodeIgniter\Commands\Database\Migrate->run(Array)
#9 C:\xampp\htdocs\simtang\system\CLI\CommandRunner.php(65): CodeIgniter\CLI\Commands->run('migrate', Array)
#10 C:\xampp\htdocs\simtang\system\CLI\CommandRunner.php(51): CodeIgniter\CLI\CommandRunner->index(Array)
#11 C:\xampp\htdocs\simtang\system\CodeIgniter.php(920): CodeIgniter\CLI\CommandRunner->_remap('index', Array)
#12 C:\xampp\htdocs\simtang\system\CodeIgniter.php(482): CodeIgniter\CodeIgniter->runController(Object(CodeIgniter\CLI\CommandRunner))
#13 C:\xampp\htdocs\simtang\system\CodeIgniter.php(347): CodeIgniter\CodeIgniter->handleRequest(NULL, Object(Config\Cache), false)
#14 C:\xampp\htdocs\simtang\system\CLI\Console.php(48): CodeIgniter\CodeIgniter->run()
#15 C:\xampp\htdocs\simtang\spark(98): CodeIgniter\CLI\Console->run()
#16 {main}
ERROR - 2022-12-15 05:15:27 --> mysqli_sql_exception: Duplicate column name 'nrp' in C:\xampp\htdocs\simtang\system\Database\MySQLi\Connection.php:292
Stack trace:
#0 C:\xampp\htdocs\simtang\system\Database\MySQLi\Connection.php(292): mysqli->query('CREATE TABLE `m...', 0)
#1 C:\xampp\htdocs\simtang\system\Database\BaseConnection.php(666): CodeIgniter\Database\MySQLi\Connection->execute('CREATE TABLE `m...')
#2 C:\xampp\htdocs\simtang\system\Database\BaseConnection.php(593): CodeIgniter\Database\BaseConnection->simpleQuery('CREATE TABLE `m...')
#3 C:\xampp\htdocs\simtang\system\Database\Forge.php(509): CodeIgniter\Database\BaseConnection->query('CREATE TABLE `m...')
#4 C:\xampp\htdocs\simtang\app\Database\Migrations\2022-12-15-033736_Mahasiswa.php(39): CodeIgniter\Database\Forge->createTable('mahasiswa', true)
#5 C:\xampp\htdocs\simtang\system\Database\MigrationRunner.php(868): App\Database\Migrations\Mahasiswa->up()
#6 C:\xampp\htdocs\simtang\system\Database\MigrationRunner.php(187): CodeIgniter\Database\MigrationRunner->migrate('up', Object(stdClass))
#7 C:\xampp\htdocs\simtang\system\Commands\Database\Migrate.php(84): CodeIgniter\Database\MigrationRunner->latest(NULL)
#8 C:\xampp\htdocs\simtang\system\CLI\Commands.php(63): CodeIgniter\Commands\Database\Migrate->run(Array)
#9 C:\xampp\htdocs\simtang\system\CLI\CommandRunner.php(65): CodeIgniter\CLI\Commands->run('migrate', Array)
#10 C:\xampp\htdocs\simtang\system\CLI\CommandRunner.php(51): CodeIgniter\CLI\CommandRunner->index(Array)
#11 C:\xampp\htdocs\simtang\system\CodeIgniter.php(920): CodeIgniter\CLI\CommandRunner->_remap('index', Array)
#12 C:\xampp\htdocs\simtang\system\CodeIgniter.php(482): CodeIgniter\CodeIgniter->runController(Object(CodeIgniter\CLI\CommandRunner))
#13 C:\xampp\htdocs\simtang\system\CodeIgniter.php(347): CodeIgniter\CodeIgniter->handleRequest(NULL, Object(Config\Cache), false)
#14 C:\xampp\htdocs\simtang\system\CLI\Console.php(48): CodeIgniter\CodeIgniter->run()
#15 C:\xampp\htdocs\simtang\spark(98): CodeIgniter\CLI\Console->run()
#16 {main}
CRITICAL - 2022-12-15 05:36:21 --> Invalid file: Dosen/index.php
in SYSTEMPATH\Exceptions\FrameworkException.php on line 33.
 1 SYSTEMPATH\View\View.php(201): CodeIgniter\Exceptions\FrameworkException::forInvalidFile('Dosen/index.php')
 2 SYSTEMPATH\Common.php(1134): CodeIgniter\View\View->render('Dosen/index', [], true)
 3 APPPATH\Controllers\DosenController.php(22): view('Dosen/index', [...])
 4 SYSTEMPATH\CodeIgniter.php(927): App\Controllers\DosenController->index()
 5 SYSTEMPATH\CodeIgniter.php(482): CodeIgniter\CodeIgniter->runController(Object(App\Controllers\DosenController))
 6 SYSTEMPATH\CodeIgniter.php(351): CodeIgniter\CodeIgniter->handleRequest(null, Object(Config\Cache), false)
 7 FCPATH\index.php(67): CodeIgniter\CodeIgniter->run()
 8 SYSTEMPATH\Commands\Server\rewrite.php(46): require_once('FCPATH\\index.php')
ERROR - 2022-12-15 15:45:12 --> mysqli_sql_exception: Column 'name' cannot be null in C:\xampp\htdocs\simtang\system\Database\MySQLi\Connection.php:292
Stack trace:
#0 C:\xampp\htdocs\simtang\system\Database\MySQLi\Connection.php(292): mysqli->query('INSERT INTO `do...', 0)
#1 C:\xampp\htdocs\simtang\system\Database\BaseConnection.php(666): CodeIgniter\Database\MySQLi\Connection->execute('INSERT INTO `do...')
#2 C:\xampp\htdocs\simtang\system\Database\BaseConnection.php(593): CodeIgniter\Database\BaseConnection->simpleQuery('INSERT INTO `do...')
#3 C:\xampp\htdocs\simtang\system\Database\BaseBuilder.php(1916): CodeIgniter\Database\BaseConnection->query('INSERT INTO `do...', Array, false)
#4 C:\xampp\htdocs\simtang\system\Model.php(279): CodeIgniter\Database\BaseBuilder->insert()
#5 C:\xampp\htdocs\simtang\system\BaseModel.php(749): CodeIgniter\Model->doInsert(Array)
#6 C:\xampp\htdocs\simtang\system\Model.php(667): CodeIgniter\BaseModel->insert(Array, true)
#7 C:\xampp\htdocs\simtang\app\Controllers\DosenController.php(31): CodeIgniter\Model->insert(Array)
#8 C:\xampp\htdocs\simtang\system\CodeIgniter.php(927): App\Controllers\DosenController->create()
#9 C:\xampp\htdocs\simtang\system\CodeIgniter.php(482): CodeIgniter\CodeIgniter->runController(Object(App\Controllers\DosenController))
#10 C:\xampp\htdocs\simtang\system\CodeIgniter.php(351): CodeIgniter\CodeIgniter->handleRequest(NULL, Object(Config\Cache), false)
#11 C:\xampp\htdocs\simtang\public\index.php(67): CodeIgniter\CodeIgniter->run()
#12 C:\xampp\htdocs\simtang\system\Commands\Server\rewrite.php(46): require_once('C:\\xampp\\htdocs...')
#13 {main}
CRITICAL - 2022-12-15 15:45:12 --> Column 'name' cannot be null
in SYSTEMPATH\Database\MySQLi\Connection.php on line 292.
 1 SYSTEMPATH\Database\MySQLi\Connection.php(292): mysqli->query('INSERT INTO `dosen` (`name`, `email`, `phone`, `address`) VALUES (NULL, NULL, NULL, NULL)', 0)
 2 SYSTEMPATH\Database\BaseConnection.php(666): CodeIgniter\Database\MySQLi\Connection->execute('INSERT INTO `dosen` (`name`, `email`, `phone`, `address`) VALUES (NULL, NULL, NULL, NULL)')
 3 SYSTEMPATH\Database\BaseConnection.php(593): CodeIgniter\Database\BaseConnection->simpleQuery('INSERT INTO `dosen` (`name`, `email`, `phone`, `address`) VALUES (NULL, NULL, NULL, NULL)')
 4 SYSTEMPATH\Database\BaseBuilder.php(1916): CodeIgniter\Database\BaseConnection->query('INSERT INTO `dosen` (`name`, `email`, `phone`, `address`) VALUES (:name:, :email:, :phone:, :address:)', [...], false)
 5 SYSTEMPATH\Model.php(279): CodeIgniter\Database\BaseBuilder->insert()
 6 SYSTEMPATH\BaseModel.php(749): CodeIgniter\Model->doInsert([...])
 7 SYSTEMPATH\Model.php(667): CodeIgniter\BaseModel->insert([...], true)
 8 APPPATH\Controllers\DosenController.php(31): CodeIgniter\Model->insert([...])
 9 SYSTEMPATH\CodeIgniter.php(927): App\Controllers\DosenController->create()
10 SYSTEMPATH\CodeIgniter.php(482): CodeIgniter\CodeIgniter->runController(Object(App\Controllers\DosenController))
11 SYSTEMPATH\CodeIgniter.php(351): CodeIgniter\CodeIgniter->handleRequest(null, Object(Config\Cache), false)
12 FCPATH\index.php(67): CodeIgniter\CodeIgniter->run()
13 SYSTEMPATH\Commands\Server\rewrite.php(46): require_once('FCPATH\\index.php')
ERROR - 2022-12-15 15:45:49 --> mysqli_sql_exception: Column 'name' cannot be null in C:\xampp\htdocs\simtang\system\Database\MySQLi\Connection.php:292
Stack trace:
#0 C:\xampp\htdocs\simtang\system\Database\MySQLi\Connection.php(292): mysqli->query('INSERT INTO `do...', 0)
#1 C:\xampp\htdocs\simtang\system\Database\BaseConnection.php(666): CodeIgniter\Database\MySQLi\Connection->execute('INSERT INTO `do...')
#2 C:\xampp\htdocs\simtang\system\Database\BaseConnection.php(593): CodeIgniter\Database\BaseConnection->simpleQuery('INSERT INTO `do...')
#3 C:\xampp\htdocs\simtang\system\Database\BaseBuilder.php(1916): CodeIgniter\Database\BaseConnection->query('INSERT INTO `do...', Array, false)
#4 C:\xampp\htdocs\simtang\system\Model.php(279): CodeIgniter\Database\BaseBuilder->insert()
#5 C:\xampp\htdocs\simtang\system\BaseModel.php(749): CodeIgniter\Model->doInsert(Array)
#6 C:\xampp\htdocs\simtang\system\Model.php(667): CodeIgniter\BaseModel->insert(Array, true)
#7 C:\xampp\htdocs\simtang\app\Controllers\DosenController.php(31): CodeIgniter\Model->insert(Array)
#8 C:\xampp\htdocs\simtang\system\CodeIgniter.php(927): App\Controllers\DosenController->create()
#9 C:\xampp\htdocs\simtang\system\CodeIgniter.php(482): CodeIgniter\CodeIgniter->runController(Object(App\Controllers\DosenController))
#10 C:\xampp\htdocs\simtang\system\CodeIgniter.php(351): CodeIgniter\CodeIgniter->handleRequest(NULL, Object(Config\Cache), false)
#11 C:\xampp\htdocs\simtang\public\index.php(67): CodeIgniter\CodeIgniter->run()
#12 C:\xampp\htdocs\simtang\system\Commands\Server\rewrite.php(46): require_once('C:\\xampp\\htdocs...')
#13 {main}
CRITICAL - 2022-12-15 15:45:49 --> Column 'name' cannot be null
in SYSTEMPATH\Database\MySQLi\Connection.php on line 292.
 1 SYSTEMPATH\Database\MySQLi\Connection.php(292): mysqli->query('INSERT INTO `dosen` (`name`, `email`, `phone`, `address`) VALUES (NULL, NULL, NULL, NULL)', 0)
 2 SYSTEMPATH\Database\BaseConnection.php(666): CodeIgniter\Database\MySQLi\Connection->execute('INSERT INTO `dosen` (`name`, `email`, `phone`, `address`) VALUES (NULL, NULL, NULL, NULL)')
 3 SYSTEMPATH\Database\BaseConnection.php(593): CodeIgniter\Database\BaseConnection->simpleQuery('INSERT INTO `dosen` (`name`, `email`, `phone`, `address`) VALUES (NULL, NULL, NULL, NULL)')
 4 SYSTEMPATH\Database\BaseBuilder.php(1916): CodeIgniter\Database\BaseConnection->query('INSERT INTO `dosen` (`name`, `email`, `phone`, `address`) VALUES (:name:, :email:, :phone:, :address:)', [...], false)
 5 SYSTEMPATH\Model.php(279): CodeIgniter\Database\BaseBuilder->insert()
 6 SYSTEMPATH\BaseModel.php(749): CodeIgniter\Model->doInsert([...])
 7 SYSTEMPATH\Model.php(667): CodeIgniter\BaseModel->insert([...], true)
 8 APPPATH\Controllers\DosenController.php(31): CodeIgniter\Model->insert([...])
 9 SYSTEMPATH\CodeIgniter.php(927): App\Controllers\DosenController->create()
10 SYSTEMPATH\CodeIgniter.php(482): CodeIgniter\CodeIgniter->runController(Object(App\Controllers\DosenController))
11 SYSTEMPATH\CodeIgniter.php(351): CodeIgniter\CodeIgniter->handleRequest(null, Object(Config\Cache), false)
12 FCPATH\index.php(67): CodeIgniter\CodeIgniter->run()
13 SYSTEMPATH\Commands\Server\rewrite.php(46): require_once('FCPATH\\index.php')
CRITICAL - 2022-12-15 16:06:18 --> Undefined array key "id"
in APPPATH\Views\Dosens\index.php on line 53.
 1 APPPATH\Views\Dosens\index.php(53): CodeIgniter\Debug\Exceptions->errorHandler(2, 'Undefined array key "id"', 'APPPATH\\Views\\Dosens\\index.php', 53)
 2 SYSTEMPATH\View\View.php(213): include('APPPATH\\Views\\Dosens\\index.php')
 3 SYSTEMPATH\View\View.php(216): CodeIgniter\View\View->CodeIgniter\View\{closure}()
 4 SYSTEMPATH\Common.php(1134): CodeIgniter\View\View->render('Dosens/index', [], true)
 5 APPPATH\Controllers\DosenController.php(22): view('Dosens/index', [...])
 6 SYSTEMPATH\CodeIgniter.php(927): App\Controllers\DosenController->index()
 7 SYSTEMPATH\CodeIgniter.php(482): CodeIgniter\CodeIgniter->runController(Object(App\Controllers\DosenController))
 8 SYSTEMPATH\CodeIgniter.php(351): CodeIgniter\CodeIgniter->handleRequest(null, Object(Config\Cache), false)
 9 FCPATH\index.php(67): CodeIgniter\CodeIgniter->run()
10 SYSTEMPATH\Commands\Server\rewrite.php(46): require_once('FCPATH\\index.php')
CRITICAL - 2022-12-15 16:07:40 --> Undefined array key "id"
in APPPATH\Views\Dosens\index.php on line 53.
 1 APPPATH\Views\Dosens\index.php(53): CodeIgniter\Debug\Exceptions->errorHandler(2, 'Undefined array key "id"', 'APPPATH\\Views\\Dosens\\index.php', 53)
 2 SYSTEMPATH\View\View.php(213): include('APPPATH\\Views\\Dosens\\index.php')
 3 SYSTEMPATH\View\View.php(216): CodeIgniter\View\View->CodeIgniter\View\{closure}()
 4 SYSTEMPATH\Common.php(1134): CodeIgniter\View\View->render('Dosens/index', [], true)
 5 APPPATH\Controllers\DosenController.php(22): view('Dosens/index', [...])
 6 SYSTEMPATH\CodeIgniter.php(927): App\Controllers\DosenController->index()
 7 SYSTEMPATH\CodeIgniter.php(482): CodeIgniter\CodeIgniter->runController(Object(App\Controllers\DosenController))
 8 SYSTEMPATH\CodeIgniter.php(351): CodeIgniter\CodeIgniter->handleRequest(null, Object(Config\Cache), false)
 9 FCPATH\index.php(67): CodeIgniter\CodeIgniter->run()
10 SYSTEMPATH\Commands\Server\rewrite.php(46): require_once('FCPATH\\index.php')
CRITICAL - 2022-12-15 16:07:42 --> Undefined array key "id"
in APPPATH\Views\Dosens\index.php on line 53.
 1 APPPATH\Views\Dosens\index.php(53): CodeIgniter\Debug\Exceptions->errorHandler(2, 'Undefined array key "id"', 'APPPATH\\Views\\Dosens\\index.php', 53)
 2 SYSTEMPATH\View\View.php(213): include('APPPATH\\Views\\Dosens\\index.php')
 3 SYSTEMPATH\View\View.php(216): CodeIgniter\View\View->CodeIgniter\View\{closure}()
 4 SYSTEMPATH\Common.php(1134): CodeIgniter\View\View->render('Dosens/index', [], true)
 5 APPPATH\Controllers\DosenController.php(22): view('Dosens/index', [...])
 6 SYSTEMPATH\CodeIgniter.php(927): App\Controllers\DosenController->index()
 7 SYSTEMPATH\CodeIgniter.php(482): CodeIgniter\CodeIgniter->runController(Object(App\Controllers\DosenController))
 8 SYSTEMPATH\CodeIgniter.php(351): CodeIgniter\CodeIgniter->handleRequest(null, Object(Config\Cache), false)
 9 FCPATH\index.php(67): CodeIgniter\CodeIgniter->run()
10 SYSTEMPATH\Commands\Server\rewrite.php(46): require_once('FCPATH\\index.php')
CRITICAL - 2022-12-15 16:07:49 --> Undefined array key "id"
in APPPATH\Views\Dosens\index.php on line 53.
 1 APPPATH\Views\Dosens\index.php(53): CodeIgniter\Debug\Exceptions->errorHandler(2, 'Undefined array key "id"', 'APPPATH\\Views\\Dosens\\index.php', 53)
 2 SYSTEMPATH\View\View.php(213): include('APPPATH\\Views\\Dosens\\index.php')
 3 SYSTEMPATH\View\View.php(216): CodeIgniter\View\View->CodeIgniter\View\{closure}()
 4 SYSTEMPATH\Common.php(1134): CodeIgniter\View\View->render('Dosens/index', [], true)
 5 APPPATH\Controllers\DosenController.php(22): view('Dosens/index', [...])
 6 SYSTEMPATH\CodeIgniter.php(927): App\Controllers\DosenController->index()
 7 SYSTEMPATH\CodeIgniter.php(482): CodeIgniter\CodeIgniter->runController(Object(App\Controllers\DosenController))
 8 SYSTEMPATH\CodeIgniter.php(351): CodeIgniter\CodeIgniter->handleRequest(null, Object(Config\Cache), false)
 9 FCPATH\index.php(67): CodeIgniter\CodeIgniter->run()
10 SYSTEMPATH\Commands\Server\rewrite.php(46): require_once('FCPATH\\index.php')
CRITICAL - 2022-12-15 16:08:29 --> Undefined array key "nip"
in APPPATH\Views\Dosens\index.php on line 53.
 1 APPPATH\Views\Dosens\index.php(53): CodeIgniter\Debug\Exceptions->errorHandler(2, 'Undefined array key "nip"', 'APPPATH\\Views\\Dosens\\index.php', 53)
 2 SYSTEMPATH\View\View.php(213): include('APPPATH\\Views\\Dosens\\index.php')
 3 SYSTEMPATH\View\View.php(216): CodeIgniter\View\View->CodeIgniter\View\{closure}()
 4 SYSTEMPATH\Common.php(1134): CodeIgniter\View\View->render('Dosens/index', [], true)
 5 APPPATH\Controllers\DosenController.php(22): view('Dosens/index', [...])
 6 SYSTEMPATH\CodeIgniter.php(927): App\Controllers\DosenController->index()
 7 SYSTEMPATH\CodeIgniter.php(482): CodeIgniter\CodeIgniter->runController(Object(App\Controllers\DosenController))
 8 SYSTEMPATH\CodeIgniter.php(351): CodeIgniter\CodeIgniter->handleRequest(null, Object(Config\Cache), false)
 9 FCPATH\index.php(67): CodeIgniter\CodeIgniter->run()
10 SYSTEMPATH\Commands\Server\rewrite.php(46): require_once('FCPATH\\index.php')
CRITICAL - 2022-12-15 16:09:14 --> Undefined array key "n ip"
in APPPATH\Views\Dosens\index.php on line 53.
 1 APPPATH\Views\Dosens\index.php(53): CodeIgniter\Debug\Exceptions->errorHandler(2, 'Undefined array key "n ip"', 'APPPATH\\Views\\Dosens\\index.php', 53)
 2 SYSTEMPATH\View\View.php(213): include('APPPATH\\Views\\Dosens\\index.php')
 3 SYSTEMPATH\View\View.php(216): CodeIgniter\View\View->CodeIgniter\View\{closure}()
 4 SYSTEMPATH\Common.php(1134): CodeIgniter\View\View->render('Dosens/index', [], true)
 5 APPPATH\Controllers\DosenController.php(22): view('Dosens/index', [...])
 6 SYSTEMPATH\CodeIgniter.php(927): App\Controllers\DosenController->index()
 7 SYSTEMPATH\CodeIgniter.php(482): CodeIgniter\CodeIgniter->runController(Object(App\Controllers\DosenController))
 8 SYSTEMPATH\CodeIgniter.php(351): CodeIgniter\CodeIgniter->handleRequest(null, Object(Config\Cache), false)
 9 FCPATH\index.php(67): CodeIgniter\CodeIgniter->run()
10 SYSTEMPATH\Commands\Server\rewrite.php(46): require_once('FCPATH\\index.php')
CRITICAL - 2022-12-15 16:09:23 --> Undefined array key "n ip"
in APPPATH\Views\Dosens\index.php on line 53.
 1 APPPATH\Views\Dosens\index.php(53): CodeIgniter\Debug\Exceptions->errorHandler(2, 'Undefined array key "n ip"', 'APPPATH\\Views\\Dosens\\index.php', 53)
 2 SYSTEMPATH\View\View.php(213): include('APPPATH\\Views\\Dosens\\index.php')
 3 SYSTEMPATH\View\View.php(216): CodeIgniter\View\View->CodeIgniter\View\{closure}()
 4 SYSTEMPATH\Common.php(1134): CodeIgniter\View\View->render('Dosens/index', [], true)
 5 APPPATH\Controllers\DosenController.php(22): view('Dosens/index', [...])
 6 SYSTEMPATH\CodeIgniter.php(927): App\Controllers\DosenController->index()
 7 SYSTEMPATH\CodeIgniter.php(482): CodeIgniter\CodeIgniter->runController(Object(App\Controllers\DosenController))
 8 SYSTEMPATH\CodeIgniter.php(351): CodeIgniter\CodeIgniter->handleRequest(null, Object(Config\Cache), false)
 9 FCPATH\index.php(67): CodeIgniter\CodeIgniter->run()
10 SYSTEMPATH\Commands\Server\rewrite.php(46): require_once('FCPATH\\index.php')
CRITICAL - 2022-12-15 16:13:41 --> Undefined variable $value
in APPPATH\Views\Dosens\index.php on line 54.
 1 APPPATH\Views\Dosens\index.php(54): CodeIgniter\Debug\Exceptions->errorHandler(2, 'Undefined variable $value', 'APPPATH\\Views\\Dosens\\index.php', 54)
 2 SYSTEMPATH\View\View.php(213): include('APPPATH\\Views\\Dosens\\index.php')
 3 SYSTEMPATH\View\View.php(216): CodeIgniter\View\View->CodeIgniter\View\{closure}()
 4 SYSTEMPATH\Common.php(1134): CodeIgniter\View\View->render('Dosens/index', [], true)
 5 APPPATH\Controllers\DosenController.php(22): view('Dosens/index', [...])
 6 SYSTEMPATH\CodeIgniter.php(927): App\Controllers\DosenController->index()
 7 SYSTEMPATH\CodeIgniter.php(482): CodeIgniter\CodeIgniter->runController(Object(App\Controllers\DosenController))
 8 SYSTEMPATH\CodeIgniter.php(351): CodeIgniter\CodeIgniter->handleRequest(null, Object(Config\Cache), false)
 9 FCPATH\index.php(67): CodeIgniter\CodeIgniter->run()
10 SYSTEMPATH\Commands\Server\rewrite.php(46): require_once('FCPATH\\index.php')
CRITICAL - 2022-12-15 16:13:49 --> Undefined variable $value
in APPPATH\Views\Dosens\index.php on line 54.
 1 APPPATH\Views\Dosens\index.php(54): CodeIgniter\Debug\Exceptions->errorHandler(2, 'Undefined variable $value', 'APPPATH\\Views\\Dosens\\index.php', 54)
 2 SYSTEMPATH\View\View.php(213): include('APPPATH\\Views\\Dosens\\index.php')
 3 SYSTEMPATH\View\View.php(216): CodeIgniter\View\View->CodeIgniter\View\{closure}()
 4 SYSTEMPATH\Common.php(1134): CodeIgniter\View\View->render('Dosens/index', [], true)
 5 APPPATH\Controllers\DosenController.php(22): view('Dosens/index', [...])
 6 SYSTEMPATH\CodeIgniter.php(927): App\Controllers\DosenController->index()
 7 SYSTEMPATH\CodeIgniter.php(482): CodeIgniter\CodeIgniter->runController(Object(App\Controllers\DosenController))
 8 SYSTEMPATH\CodeIgniter.php(351): CodeIgniter\CodeIgniter->handleRequest(null, Object(Config\Cache), false)
 9 FCPATH\index.php(67): CodeIgniter\CodeIgniter->run()
10 SYSTEMPATH\Commands\Server\rewrite.php(46): require_once('FCPATH\\index.php')
CRITICAL - 2022-12-15 16:28:54 --> Undefined variable $contact
in APPPATH\Views\Dosens\index.php on line 54.
 1 APPPATH\Views\Dosens\index.php(54): CodeIgniter\Debug\Exceptions->errorHandler(2, 'Undefined variable $contact', 'APPPATH\\Views\\Dosens\\index.php', 54)
 2 SYSTEMPATH\View\View.php(213): include('APPPATH\\Views\\Dosens\\index.php')
 3 SYSTEMPATH\View\View.php(216): CodeIgniter\View\View->CodeIgniter\View\{closure}()
 4 SYSTEMPATH\Common.php(1134): CodeIgniter\View\View->render('Dosens/index', [], true)
 5 APPPATH\Controllers\DosenController.php(22): view('Dosens/index', [...])
 6 SYSTEMPATH\CodeIgniter.php(927): App\Controllers\DosenController->index()
 7 SYSTEMPATH\CodeIgniter.php(482): CodeIgniter\CodeIgniter->runController(Object(App\Controllers\DosenController))
 8 SYSTEMPATH\CodeIgniter.php(351): CodeIgniter\CodeIgniter->handleRequest(null, Object(Config\Cache), false)
 9 FCPATH\index.php(67): CodeIgniter\CodeIgniter->run()
10 SYSTEMPATH\Commands\Server\rewrite.php(46): require_once('FCPATH\\index.php')
CRITICAL - 2022-12-15 16:29:57 --> Undefined array key "nip"
in APPPATH\Views\Dosens\index.php on line 54.
 1 APPPATH\Views\Dosens\index.php(54): CodeIgniter\Debug\Exceptions->errorHandler(2, 'Undefined array key "nip"', 'APPPATH\\Views\\Dosens\\index.php', 54)
 2 SYSTEMPATH\View\View.php(213): include('APPPATH\\Views\\Dosens\\index.php')
 3 SYSTEMPATH\View\View.php(216): CodeIgniter\View\View->CodeIgniter\View\{closure}()
 4 SYSTEMPATH\Common.php(1134): CodeIgniter\View\View->render('Dosens/index', [], true)
 5 APPPATH\Controllers\DosenController.php(22): view('Dosens/index', [...])
 6 SYSTEMPATH\CodeIgniter.php(927): App\Controllers\DosenController->index()
 7 SYSTEMPATH\CodeIgniter.php(482): CodeIgniter\CodeIgniter->runController(Object(App\Controllers\DosenController))
 8 SYSTEMPATH\CodeIgniter.php(351): CodeIgniter\CodeIgniter->handleRequest(null, Object(Config\Cache), false)
 9 FCPATH\index.php(67): CodeIgniter\CodeIgniter->run()
10 SYSTEMPATH\Commands\Server\rewrite.php(46): require_once('FCPATH\\index.php')
CRITICAL - 2022-12-15 16:30:19 --> Undefined array key "id"
in APPPATH\Views\Dosens\index.php on line 54.
 1 APPPATH\Views\Dosens\index.php(54): CodeIgniter\Debug\Exceptions->errorHandler(2, 'Undefined array key "id"', 'APPPATH\\Views\\Dosens\\index.php', 54)
 2 SYSTEMPATH\View\View.php(213): include('APPPATH\\Views\\Dosens\\index.php')
 3 SYSTEMPATH\View\View.php(216): CodeIgniter\View\View->CodeIgniter\View\{closure}()
 4 SYSTEMPATH\Common.php(1134): CodeIgniter\View\View->render('Dosens/index', [], true)
 5 APPPATH\Controllers\DosenController.php(22): view('Dosens/index', [...])
 6 SYSTEMPATH\CodeIgniter.php(927): App\Controllers\DosenController->index()
 7 SYSTEMPATH\CodeIgniter.php(482): CodeIgniter\CodeIgniter->runController(Object(App\Controllers\DosenController))
 8 SYSTEMPATH\CodeIgniter.php(351): CodeIgniter\CodeIgniter->handleRequest(null, Object(Config\Cache), false)
 9 FCPATH\index.php(67): CodeIgniter\CodeIgniter->run()
10 SYSTEMPATH\Commands\Server\rewrite.php(46): require_once('FCPATH\\index.php')
CRITICAL - 2022-12-15 16:50:02 --> Class "App\Controllers\Mahasiswa" not found
in APPPATH\Controllers\MahasiswaController.php on line 13.
 1 SYSTEMPATH\CodeIgniter.php(889): App\Controllers\MahasiswaController->__construct()
 2 SYSTEMPATH\CodeIgniter.php(473): CodeIgniter\CodeIgniter->createController()
 3 SYSTEMPATH\CodeIgniter.php(351): CodeIgniter\CodeIgniter->handleRequest(null, Object(Config\Cache), false)
 4 FCPATH\index.php(67): CodeIgniter\CodeIgniter->run()
 5 SYSTEMPATH\Commands\Server\rewrite.php(46): require_once('FCPATH\\index.php')
CRITICAL - 2022-12-15 16:51:12 --> Invalid file: Mahasiswas/index.php
in SYSTEMPATH\Exceptions\FrameworkException.php on line 33.
 1 SYSTEMPATH\View\View.php(201): CodeIgniter\Exceptions\FrameworkException::forInvalidFile('Mahasiswas/index.php')
 2 SYSTEMPATH\Common.php(1134): CodeIgniter\View\View->render('Mahasiswas/index', [], true)
 3 APPPATH\Controllers\MahasiswaController.php(21): view('Mahasiswas/index', [...])
 4 SYSTEMPATH\CodeIgniter.php(927): App\Controllers\MahasiswaController->index()
 5 SYSTEMPATH\CodeIgniter.php(482): CodeIgniter\CodeIgniter->runController(Object(App\Controllers\MahasiswaController))
 6 SYSTEMPATH\CodeIgniter.php(351): CodeIgniter\CodeIgniter->handleRequest(null, Object(Config\Cache), false)
 7 FCPATH\index.php(67): CodeIgniter\CodeIgniter->run()
 8 SYSTEMPATH\Commands\Server\rewrite.php(46): require_once('FCPATH\\index.php')
CRITICAL - 2022-12-15 16:51:19 --> Invalid file: Mahasiswas/index.php
in SYSTEMPATH\Exceptions\FrameworkException.php on line 33.
 1 SYSTEMPATH\View\View.php(201): CodeIgniter\Exceptions\FrameworkException::forInvalidFile('Mahasiswas/index.php')
 2 SYSTEMPATH\Common.php(1134): CodeIgniter\View\View->render('Mahasiswas/index', [], true)
 3 APPPATH\Controllers\MahasiswaController.php(21): view('Mahasiswas/index', [...])
 4 SYSTEMPATH\CodeIgniter.php(927): App\Controllers\MahasiswaController->index()
 5 SYSTEMPATH\CodeIgniter.php(482): CodeIgniter\CodeIgniter->runController(Object(App\Controllers\MahasiswaController))
 6 SYSTEMPATH\CodeIgniter.php(351): CodeIgniter\CodeIgniter->handleRequest(null, Object(Config\Cache), false)
 7 FCPATH\index.php(67): CodeIgniter\CodeIgniter->run()
 8 SYSTEMPATH\Commands\Server\rewrite.php(46): require_once('FCPATH\\index.php')
CRITICAL - 2022-12-15 16:51:24 --> Invalid file: Mahasiswas/index.php
in SYSTEMPATH\Exceptions\FrameworkException.php on line 33.
 1 SYSTEMPATH\View\View.php(201): CodeIgniter\Exceptions\FrameworkException::forInvalidFile('Mahasiswas/index.php')
 2 SYSTEMPATH\Common.php(1134): CodeIgniter\View\View->render('Mahasiswas/index', [], true)
 3 APPPATH\Controllers\MahasiswaController.php(21): view('Mahasiswas/index', [...])
 4 SYSTEMPATH\CodeIgniter.php(927): App\Controllers\MahasiswaController->index()
 5 SYSTEMPATH\CodeIgniter.php(482): CodeIgniter\CodeIgniter->runController(Object(App\Controllers\MahasiswaController))
 6 SYSTEMPATH\CodeIgniter.php(351): CodeIgniter\CodeIgniter->handleRequest(null, Object(Config\Cache), false)
 7 FCPATH\index.php(67): CodeIgniter\CodeIgniter->run()
 8 SYSTEMPATH\Commands\Server\rewrite.php(46): require_once('FCPATH\\index.php')
CRITICAL - 2022-12-15 16:55:59 --> Invalid file: Mahasiswas/index.php
in SYSTEMPATH\Exceptions\FrameworkException.php on line 33.
 1 SYSTEMPATH\View\View.php(201): CodeIgniter\Exceptions\FrameworkException::forInvalidFile('Mahasiswas/index.php')
 2 SYSTEMPATH\Common.php(1134): CodeIgniter\View\View->render('Mahasiswas/index', [], true)
 3 APPPATH\Controllers\MahasiswaController.php(21): view('Mahasiswas/index', [...])
 4 SYSTEMPATH\CodeIgniter.php(927): App\Controllers\MahasiswaController->index()
 5 SYSTEMPATH\CodeIgniter.php(482): CodeIgniter\CodeIgniter->runController(Object(App\Controllers\MahasiswaController))
 6 SYSTEMPATH\CodeIgniter.php(351): CodeIgniter\CodeIgniter->handleRequest(null, Object(Config\Cache), false)
 7 FCPATH\index.php(67): CodeIgniter\CodeIgniter->run()
 8 SYSTEMPATH\Commands\Server\rewrite.php(46): require_once('FCPATH\\index.php')
CRITICAL - 2022-12-15 16:56:10 --> Invalid file: Mahasiswas/index.php
in SYSTEMPATH\Exceptions\FrameworkException.php on line 33.
 1 SYSTEMPATH\View\View.php(201): CodeIgniter\Exceptions\FrameworkException::forInvalidFile('Mahasiswas/index.php')
 2 SYSTEMPATH\Common.php(1134): CodeIgniter\View\View->render('Mahasiswas/index', [], true)
 3 APPPATH\Controllers\MahasiswaController.php(21): view('Mahasiswas/index', [...])
 4 SYSTEMPATH\CodeIgniter.php(927): App\Controllers\MahasiswaController->index()
 5 SYSTEMPATH\CodeIgniter.php(482): CodeIgniter\CodeIgniter->runController(Object(App\Controllers\MahasiswaController))
 6 SYSTEMPATH\CodeIgniter.php(351): CodeIgniter\CodeIgniter->handleRequest(null, Object(Config\Cache), false)
 7 FCPATH\index.php(67): CodeIgniter\CodeIgniter->run()
 8 SYSTEMPATH\Commands\Server\rewrite.php(46): require_once('FCPATH\\index.php')
CRITICAL - 2022-12-15 17:07:06 --> Invalid file: Mahasiswas/index.php
in SYSTEMPATH\Exceptions\FrameworkException.php on line 33.
 1 SYSTEMPATH\View\View.php(201): CodeIgniter\Exceptions\FrameworkException::forInvalidFile('Mahasiswas/index.php')
 2 SYSTEMPATH\Common.php(1134): CodeIgniter\View\View->render('Mahasiswas/index', [], true)
 3 APPPATH\Controllers\MahasiswaController.php(21): view('Mahasiswas/index', [...])
 4 SYSTEMPATH\CodeIgniter.php(927): App\Controllers\MahasiswaController->index()
 5 SYSTEMPATH\CodeIgniter.php(482): CodeIgniter\CodeIgniter->runController(Object(App\Controllers\MahasiswaController))
 6 SYSTEMPATH\CodeIgniter.php(351): CodeIgniter\CodeIgniter->handleRequest(null, Object(Config\Cache), false)
 7 FCPATH\index.php(67): CodeIgniter\CodeIgniter->run()
 8 SYSTEMPATH\Commands\Server\rewrite.php(46): require_once('FCPATH\\index.php')
ERROR - 2022-12-15 19:24:47 --> mysqli_sql_exception: Duplicate column name 'id_Revisi' in C:\xampp\htdocs\simtang\system\Database\MySQLi\Connection.php:292
Stack trace:
#0 C:\xampp\htdocs\simtang\system\Database\MySQLi\Connection.php(292): mysqli->query('CREATE TABLE `r...', 0)
#1 C:\xampp\htdocs\simtang\system\Database\BaseConnection.php(666): CodeIgniter\Database\MySQLi\Connection->execute('CREATE TABLE `r...')
#2 C:\xampp\htdocs\simtang\system\Database\BaseConnection.php(593): CodeIgniter\Database\BaseConnection->simpleQuery('CREATE TABLE `r...')
#3 C:\xampp\htdocs\simtang\system\Database\Forge.php(509): CodeIgniter\Database\BaseConnection->query('CREATE TABLE `r...')
#4 C:\xampp\htdocs\simtang\app\Database\Migrations\2022-12-15-073215_Revision.php(48): CodeIgniter\Database\Forge->createTable('revision')
#5 C:\xampp\htdocs\simtang\system\Database\MigrationRunner.php(868): App\Database\Migrations\Revision->up()
#6 C:\xampp\htdocs\simtang\system\Database\MigrationRunner.php(187): CodeIgniter\Database\MigrationRunner->migrate('up', Object(stdClass))
#7 C:\xampp\htdocs\simtang\system\Commands\Database\Migrate.php(84): CodeIgniter\Database\MigrationRunner->latest(NULL)
#8 C:\xampp\htdocs\simtang\system\CLI\Commands.php(63): CodeIgniter\Commands\Database\Migrate->run(Array)
#9 C:\xampp\htdocs\simtang\system\CLI\CommandRunner.php(65): CodeIgniter\CLI\Commands->run('migrate', Array)
#10 C:\xampp\htdocs\simtang\system\CLI\CommandRunner.php(51): CodeIgniter\CLI\CommandRunner->index(Array)
#11 C:\xampp\htdocs\simtang\system\CodeIgniter.php(920): CodeIgniter\CLI\CommandRunner->_remap('index', Array)
#12 C:\xampp\htdocs\simtang\system\CodeIgniter.php(482): CodeIgniter\CodeIgniter->runController(Object(CodeIgniter\CLI\CommandRunner))
#13 C:\xampp\htdocs\simtang\system\CodeIgniter.php(347): CodeIgniter\CodeIgniter->handleRequest(NULL, Object(Config\Cache), false)
#14 C:\xampp\htdocs\simtang\system\CLI\Console.php(48): CodeIgniter\CodeIgniter->run()
#15 C:\xampp\htdocs\simtang\spark(98): CodeIgniter\CLI\Console->run()
#16 {main}
ERROR - 2022-12-15 19:25:15 --> mysqli_sql_exception: Can't create table `simtang`.`revision` (errno: 150 "Foreign key constraint is incorrectly formed") in C:\xampp\htdocs\simtang\system\Database\MySQLi\Connection.php:292
Stack trace:
#0 C:\xampp\htdocs\simtang\system\Database\MySQLi\Connection.php(292): mysqli->query('CREATE TABLE `r...', 0)
#1 C:\xampp\htdocs\simtang\system\Database\BaseConnection.php(666): CodeIgniter\Database\MySQLi\Connection->execute('CREATE TABLE `r...')
#2 C:\xampp\htdocs\simtang\system\Database\BaseConnection.php(593): CodeIgniter\Database\BaseConnection->simpleQuery('CREATE TABLE `r...')
#3 C:\xampp\htdocs\simtang\system\Database\Forge.php(509): CodeIgniter\Database\BaseConnection->query('CREATE TABLE `r...')
#4 C:\xampp\htdocs\simtang\app\Database\Migrations\2022-12-15-073215_Revision.php(47): CodeIgniter\Database\Forge->createTable('revision')
#5 C:\xampp\htdocs\simtang\system\Database\MigrationRunner.php(868): App\Database\Migrations\Revision->up()
#6 C:\xampp\htdocs\simtang\system\Database\MigrationRunner.php(187): CodeIgniter\Database\MigrationRunner->migrate('up', Object(stdClass))
#7 C:\xampp\htdocs\simtang\system\Commands\Database\Migrate.php(84): CodeIgniter\Database\MigrationRunner->latest(NULL)
#8 C:\xampp\htdocs\simtang\system\CLI\Commands.php(63): CodeIgniter\Commands\Database\Migrate->run(Array)
#9 C:\xampp\htdocs\simtang\system\CLI\CommandRunner.php(65): CodeIgniter\CLI\Commands->run('migrate', Array)
#10 C:\xampp\htdocs\simtang\system\CLI\CommandRunner.php(51): CodeIgniter\CLI\CommandRunner->index(Array)
#11 C:\xampp\htdocs\simtang\system\CodeIgniter.php(920): CodeIgniter\CLI\CommandRunner->_remap('index', Array)
#12 C:\xampp\htdocs\simtang\system\CodeIgniter.php(482): CodeIgniter\CodeIgniter->runController(Object(CodeIgniter\CLI\CommandRunner))
#13 C:\xampp\htdocs\simtang\system\CodeIgniter.php(347): CodeIgniter\CodeIgniter->handleRequest(NULL, Object(Config\Cache), false)
#14 C:\xampp\htdocs\simtang\system\CLI\Console.php(48): CodeIgniter\CodeIgniter->run()
#15 C:\xampp\htdocs\simtang\spark(98): CodeIgniter\CLI\Console->run()
#16 {main}
ERROR - 2022-12-15 19:26:31 --> mysqli_sql_exception: Can't create table `simtang`.`revision` (errno: 150 "Foreign key constraint is incorrectly formed") in C:\xampp\htdocs\simtang\system\Database\MySQLi\Connection.php:292
Stack trace:
#0 C:\xampp\htdocs\simtang\system\Database\MySQLi\Connection.php(292): mysqli->query('CREATE TABLE `r...', 0)
#1 C:\xampp\htdocs\simtang\system\Database\BaseConnection.php(666): CodeIgniter\Database\MySQLi\Connection->execute('CREATE TABLE `r...')
#2 C:\xampp\htdocs\simtang\system\Database\BaseConnection.php(593): CodeIgniter\Database\BaseConnection->simpleQuery('CREATE TABLE `r...')
#3 C:\xampp\htdocs\simtang\system\Database\Forge.php(509): CodeIgniter\Database\BaseConnection->query('CREATE TABLE `r...')
#4 C:\xampp\htdocs\simtang\app\Database\Migrations\2022-12-15-073215_Revision.php(47): CodeIgniter\Database\Forge->createTable('revision')
#5 C:\xampp\htdocs\simtang\system\Database\MigrationRunner.php(868): App\Database\Migrations\Revision->up()
#6 C:\xampp\htdocs\simtang\system\Database\MigrationRunner.php(187): CodeIgniter\Database\MigrationRunner->migrate('up', Object(stdClass))
#7 C:\xampp\htdocs\simtang\system\Commands\Database\Migrate.php(84): CodeIgniter\Database\MigrationRunner->latest(NULL)
#8 C:\xampp\htdocs\simtang\system\CLI\Commands.php(63): CodeIgniter\Commands\Database\Migrate->run(Array)
#9 C:\xampp\htdocs\simtang\system\CLI\CommandRunner.php(65): CodeIgniter\CLI\Commands->run('migrate', Array)
#10 C:\xampp\htdocs\simtang\system\CLI\CommandRunner.php(51): CodeIgniter\CLI\CommandRunner->index(Array)
#11 C:\xampp\htdocs\simtang\system\CodeIgniter.php(920): CodeIgniter\CLI\CommandRunner->_remap('index', Array)
#12 C:\xampp\htdocs\simtang\system\CodeIgniter.php(482): CodeIgniter\CodeIgniter->runController(Object(CodeIgniter\CLI\CommandRunner))
#13 C:\xampp\htdocs\simtang\system\CodeIgniter.php(347): CodeIgniter\CodeIgniter->handleRequest(NULL, Object(Config\Cache), false)
#14 C:\xampp\htdocs\simtang\system\CLI\Console.php(48): CodeIgniter\CodeIgniter->run()
#15 C:\xampp\htdocs\simtang\spark(98): CodeIgniter\CLI\Console->run()
#16 {main}
CRITICAL - 2022-12-15 19:42:51 --> Undefined array key "nip"
in APPPATH\Views\Mahasiswa\index.php on line 59.
 1 APPPATH\Views\Mahasiswa\index.php(59): CodeIgniter\Debug\Exceptions->errorHandler(2, 'Undefined array key "nip"', 'APPPATH\\Views\\Mahasiswa\\index.php', 59)
 2 SYSTEMPATH\View\View.php(213): include('APPPATH\\Views\\Mahasiswa\\index.php')
 3 SYSTEMPATH\View\View.php(216): CodeIgniter\View\View->CodeIgniter\View\{closure}()
 4 SYSTEMPATH\Common.php(1134): CodeIgniter\View\View->render('Mahasiswa/index', [], true)
 5 APPPATH\Controllers\MahasiswaController.php(21): view('Mahasiswa/index', [...])
 6 SYSTEMPATH\CodeIgniter.php(927): App\Controllers\MahasiswaController->index()
 7 SYSTEMPATH\CodeIgniter.php(482): CodeIgniter\CodeIgniter->runController(Object(App\Controllers\MahasiswaController))
 8 SYSTEMPATH\CodeIgniter.php(351): CodeIgniter\CodeIgniter->handleRequest(null, Object(Config\Cache), false)
 9 FCPATH\index.php(67): CodeIgniter\CodeIgniter->run()
10 SYSTEMPATH\Commands\Server\rewrite.php(46): require_once('FCPATH\\index.php')
ERROR - 2022-12-15 22:28:06 --> mysqli_sql_exception: Can't create table `simtang`.`tugasakhir` (errno: 150 "Foreign key constraint is incorrectly formed") in C:\xampp\htdocs\simtang\system\Database\MySQLi\Connection.php:292
Stack trace:
#0 C:\xampp\htdocs\simtang\system\Database\MySQLi\Connection.php(292): mysqli->query('CREATE TABLE `t...', 0)
#1 C:\xampp\htdocs\simtang\system\Database\BaseConnection.php(666): CodeIgniter\Database\MySQLi\Connection->execute('CREATE TABLE `t...')
#2 C:\xampp\htdocs\simtang\system\Database\BaseConnection.php(593): CodeIgniter\Database\BaseConnection->simpleQuery('CREATE TABLE `t...')
#3 C:\xampp\htdocs\simtang\system\Database\Forge.php(509): CodeIgniter\Database\BaseConnection->query('CREATE TABLE `t...')
#4 C:\xampp\htdocs\simtang\app\Database\Migrations\2022-12-16-041034_TugasAkhir.php(44): CodeIgniter\Database\Forge->createTable('tugasakhir')
#5 C:\xampp\htdocs\simtang\system\Database\MigrationRunner.php(868): App\Database\Migrations\TugasAkhir->up()
#6 C:\xampp\htdocs\simtang\system\Database\MigrationRunner.php(187): CodeIgniter\Database\MigrationRunner->migrate('up', Object(stdClass))
#7 C:\xampp\htdocs\simtang\system\Commands\Database\Migrate.php(84): CodeIgniter\Database\MigrationRunner->latest(NULL)
#8 C:\xampp\htdocs\simtang\system\CLI\Commands.php(63): CodeIgniter\Commands\Database\Migrate->run(Array)
#9 C:\xampp\htdocs\simtang\system\CLI\CommandRunner.php(65): CodeIgniter\CLI\Commands->run('migrate', Array)
#10 C:\xampp\htdocs\simtang\system\CLI\CommandRunner.php(51): CodeIgniter\CLI\CommandRunner->index(Array)
#11 C:\xampp\htdocs\simtang\system\CodeIgniter.php(920): CodeIgniter\CLI\CommandRunner->_remap('index', Array)
#12 C:\xampp\htdocs\simtang\system\CodeIgniter.php(482): CodeIgniter\CodeIgniter->runController(Object(CodeIgniter\CLI\CommandRunner))
#13 C:\xampp\htdocs\simtang\system\CodeIgniter.php(347): CodeIgniter\CodeIgniter->handleRequest(NULL, Object(Config\Cache), false)
#14 C:\xampp\htdocs\simtang\system\CLI\Console.php(48): CodeIgniter\CodeIgniter->run()
#15 C:\xampp\htdocs\simtang\spark(98): CodeIgniter\CLI\Console->run()
#16 {main}
